<?xml version="1.0" encoding="UTF-8"?>
<!-- Generated by org.testng.reporters.JUnitXMLReporter -->
<testsuite ignored="2" hostname="DESKTOP-E81936R" failures="1" tests="3" name="Test" time="438.869" errors="0" timestamp="2024-01-09T08:34:15 IST">
  <testcase classname="contactTest.CreateContactwithLeadTest1" name="createContactWithLeadSource" time="117.608"/>
  <testcase classname="contactTest.CreateContactTest1" name="createContactWithMandatoryField" time="96.475"/>
  <testcase classname="contactTest.CreateContactTest1" name="dmoTst" time="0.137">
    <failure type="java.lang.AssertionError" message="null">
      <![CDATA[java.lang.AssertionError: null
at contactTest.CreateContactTest1.dmoTst(CreateContactTest1.java:57)
at java.base/java.util.ArrayList.forEach(ArrayList.java:1511)
... Removed 27 stack frames]]>
    </failure>
  </testcase> <!-- dmoTst -->
  <testcase classname="genericUtility.BaseClass" name="@BeforeSuite bsConfig" time="0.0">
    <ignored/>
  </testcase> <!-- @BeforeSuite bsConfig -->
  <testcase classname="genericUtility.BaseClass" name="@AfterSuite asConfig" time="0.0">
    <ignored/>
  </testcase> <!-- @AfterSuite asConfig -->
</testsuite> <!-- Test -->
